<?xml version="1.0" encoding="UTF-8"?>
<!-- Generated by org.testng.reporters.JUnitReportReporter -->
<testsuite hostname="NGUSHZ029122" failures="0" tests="2" name="runners.GooglePageRunner" time="132.125" errors="0" timestamp="2022-03-08T12:57:56 IST" skipped="0">
  <testcase classname="runners.GooglePageRunner" name="runScenario" time="63.781"/>
  <system-out/>
  <testcase classname="runners.GooglePageRunner" name="runScenario" time="68.344"/>
  <system-out/>
</testsuite> <!-- runners.GooglePageRunner -->
